{"/Users/raul/Projects/tlks.io/front/lib/video.js":{"path":"/Users/raul/Projects/tlks.io/front/lib/video.js","s":{"1":1,"2":1,"3":0,"4":0,"5":0,"6":0,"7":0,"8":0,"9":0,"10":0,"11":0,"12":0,"13":0,"14":0,"15":0,"16":0,"17":0,"18":0},"b":{"1":[0,0],"2":[0,0],"3":[0,0,0,0,0],"4":[0,0],"5":[0,0],"6":[0,0]},"f":{"1":0},"fnMap":{"1":{"name":"(anonymous_1)","line":12,"loc":{"start":{"line":12,"column":36},"end":{"line":12,"column":50}}}},"statementMap":{"1":{"start":{"line":1,"column":0},"end":{"line":1,"column":25}},"2":{"start":{"line":12,"column":0},"end":{"line":40,"column":1}},"3":{"start":{"line":14,"column":4},"end":{"line":14,"column":12}},"4":{"start":{"line":15,"column":4},"end":{"line":15,"column":13}},"5":{"start":{"line":16,"column":4},"end":{"line":16,"column":47}},"6":{"start":{"line":17,"column":4},"end":{"line":17,"column":41}},"7":{"start":{"line":19,"column":4},"end":{"line":33,"column":5}},"8":{"start":{"line":23,"column":12},"end":{"line":23,"column":29}},"9":{"start":{"line":24,"column":12},"end":{"line":24,"column":74}},"10":{"start":{"line":25,"column":12},"end":{"line":25,"column":18}},"11":{"start":{"line":27,"column":12},"end":{"line":27,"column":27}},"12":{"start":{"line":28,"column":12},"end":{"line":28,"column":57}},"13":{"start":{"line":29,"column":12},"end":{"line":29,"column":18}},"14":{"start":{"line":31,"column":12},"end":{"line":31,"column":43}},"15":{"start":{"line":32,"column":12},"end":{"line":32,"column":18}},"16":{"start":{"line":35,"column":4},"end":{"line":37,"column":5}},"17":{"start":{"line":36,"column":8},"end":{"line":36,"column":39}},"18":{"start":{"line":39,"column":4},"end":{"line":39,"column":24}}},"branchMap":{"1":{"line":16,"type":"binary-expr","locations":[{"start":{"line":16,"column":17},"end":{"line":16,"column":40}},{"start":{"line":16,"column":44},"end":{"line":16,"column":46}}]},"2":{"line":17,"type":"binary-expr","locations":[{"start":{"line":17,"column":15},"end":{"line":17,"column":34}},{"start":{"line":17,"column":38},"end":{"line":17,"column":40}}]},"3":{"line":19,"type":"switch","locations":[{"start":{"line":20,"column":8},"end":{"line":20,"column":31}},{"start":{"line":21,"column":8},"end":{"line":21,"column":27}},{"start":{"line":22,"column":8},"end":{"line":25,"column":18}},{"start":{"line":26,"column":8},"end":{"line":29,"column":18}},{"start":{"line":30,"column":8},"end":{"line":32,"column":18}}]},"4":{"line":24,"type":"binary-expr","locations":[{"start":{"line":24,"column":19},"end":{"line":24,"column":67}},{"start":{"line":24,"column":71},"end":{"line":24,"column":73}}]},"5":{"line":28,"type":"binary-expr","locations":[{"start":{"line":28,"column":19},"end":{"line":28,"column":50}},{"start":{"line":28,"column":54},"end":{"line":28,"column":56}}]},"6":{"line":35,"type":"if","locations":[{"start":{"line":35,"column":4},"end":{"line":35,"column":4}},{"start":{"line":35,"column":4},"end":{"line":35,"column":4}}]}}}}